<?xml version="1.0" encoding="UTF-8"?>
<!-- Generated by org.testng.reporters.JUnitXMLReporter -->
<testsuite ignored="0" hostname="DESKTOP-7ST38NR" failures="0" tests="10" name="Launching Website In Firefox" time="141.456" errors="0" timestamp="2024-03-10T20:36:47 IST">
  <testcase classname="XYZBank.HomePageValidationTest" name="homePageValidation" time="2.935"/>
  <testcase classname="XYZBank.CustomerLoginValidationTest" name="customerLoginValidation" time="5.026"/>
  <testcase classname="XYZBank.BankManagerLandingPageValidationTest" name="bankManagerLandingPageValidation" time="1.862"/>
  <testcase classname="XYZBank.CustomerDepositValidationTest" name="customerDepositValidation" time="7.348"/>
  <testcase classname="XYZBank.CustomerWithdrawalValidationTest" name="customerWithdrawalValidation" time="10.528"/>
  <testcase classname="XYZBank.AddCustomerPageValidationTest" name="homePageValidation" time="6.76"/>
  <testcase classname="XYZBank.CustomersPageValidationTest" name="customersPageValidation" time="10.929"/>
  <testcase classname="XYZBank.OpenAccountPageValidationTest" name="openAccountPageValidation" time="3.831"/>
  <testcase classname="XYZBank.TransactionsPageValidationTest" name="transcationsPageValidation" time="16.279"/>
  <testcase classname="XYZBank.NoAccountsValidationTest" name="noAccountsValidation" time="11.515"/>
</testsuite> <!-- Launching Website In Firefox -->
