<?xml version="1.0" encoding="UTF-8"?>
<!-- Generated by org.testng.reporters.JUnitXMLReporter -->
<testsuite ignored="0" hostname="DESKTOP-7ST38NR" failures="0" tests="10" name="Launching Website In Chrome" time="156.268" errors="0" timestamp="2024-03-08T10:13:41 IST">
  <testcase classname="XYZBank.HomePageValidationTest" name="homePageValidation" time="3.374"/>
  <testcase classname="XYZBank.CustomerLoginValidationTest" name="customerLoginValidation" time="5.155"/>
  <testcase classname="XYZBank.BankManagerLandingPageValidationTest" name="bankManagerLandingPageValidation" time="2.045"/>
  <testcase classname="XYZBank.CustomerDepositValidationTest" name="customerDepositValidation" time="8.164"/>
  <testcase classname="XYZBank.CustomerWithdrawalValidationTest" name="customerWithdrawalValidation" time="11.766"/>
  <testcase classname="XYZBank.AddCustomerPageValidationTest" name="homePageValidation" time="7.173"/>
  <testcase classname="XYZBank.CustomersPageValidationTest" name="customersPageValidation" time="12.235"/>
  <testcase classname="XYZBank.OpenAccountPageValidationTest" name="openAccountPageValidation" time="4.372"/>
  <testcase classname="XYZBank.TransactionsPageValidationTest" name="transcationsPageValidation" time="27.82"/>
  <testcase classname="XYZBank.NoAccountsValidationTest" name="noAccountsValidation" time="12.371"/>
</testsuite> <!-- Launching Website In Chrome -->
